<?xml version="1.0" encoding="UTF-8"?>
<robot generator="Robot 3.0.2 (Python 3.4.3 on linux)" generated="20170823 14:39:43.697">
<suite name="Rm Test" id="s1" source="/mnt/c/Users/roman/RFtest/rm_test.robot">
<test name="Remove nonexistant file without ignoring error" id="s1-t1">
<kw name="Create test directory">
<kw name="Remove Directory" library="OperatingSystem">
<doc>Removes the directory pointed to by the given ``path``.</doc>
<arguments>
<arg>${test_dir}</arg>
<arg>recursive=True</arg>
</arguments>
<msg timestamp="20170823 14:39:43.750" html="yes" level="INFO">Removed directory '&lt;a href="file:///mnt/c/Users/roman/RFtest/test_dir"&gt;/mnt/c/Users/roman/RFtest/test_dir&lt;/a&gt;'.</msg>
<status starttime="20170823 14:39:43.746" status="PASS" endtime="20170823 14:39:43.751"></status>
</kw>
<kw name="Create File" library="OperatingSystem">
<doc>Creates a file with the given content and encoding.</doc>
<arguments>
<arg>${existant_file}</arg>
</arguments>
<msg timestamp="20170823 14:39:43.753" html="yes" level="INFO">Created file '&lt;a href="file:///mnt/c/Users/roman/RFtest/test_dir/existant_file.txt"&gt;/mnt/c/Users/roman/RFtest/test_dir/existant_file.txt&lt;/a&gt;'.</msg>
<status starttime="20170823 14:39:43.751" status="PASS" endtime="20170823 14:39:43.753"></status>
</kw>
<kw name="Create Directory" library="OperatingSystem">
<doc>Creates the specified directory.</doc>
<arguments>
<arg>${empty_dir}</arg>
</arguments>
<msg timestamp="20170823 14:39:43.756" html="yes" level="INFO">Created directory '&lt;a href="file:///mnt/c/Users/roman/RFtest/test_dir/empty_dir"&gt;/mnt/c/Users/roman/RFtest/test_dir/empty_dir&lt;/a&gt;'.</msg>
<status starttime="20170823 14:39:43.754" status="PASS" endtime="20170823 14:39:43.756"></status>
</kw>
<kw name="${index} IN RANGE [ 1 | 5 ]" type="for">
<kw name="${index} = 1" type="foritem">
<kw name="Create File" library="OperatingSystem">
<doc>Creates a file with the given content and encoding.</doc>
<arguments>
<arg>${more_than3_dir}/test${index}.txt</arg>
</arguments>
<msg timestamp="20170823 14:39:43.759" html="yes" level="INFO">Created file '&lt;a href="file:///mnt/c/Users/roman/RFtest/test_dir/more_than3_dir/test1.txt"&gt;/mnt/c/Users/roman/RFtest/test_dir/more_than3_dir/test1.txt&lt;/a&gt;'.</msg>
<status starttime="20170823 14:39:43.757" status="PASS" endtime="20170823 14:39:43.759"></status>
</kw>
<status starttime="20170823 14:39:43.757" status="PASS" endtime="20170823 14:39:43.759"></status>
</kw>
<kw name="${index} = 2" type="foritem">
<kw name="Create File" library="OperatingSystem">
<doc>Creates a file with the given content and encoding.</doc>
<arguments>
<arg>${more_than3_dir}/test${index}.txt</arg>
</arguments>
<msg timestamp="20170823 14:39:43.761" html="yes" level="INFO">Created file '&lt;a href="file:///mnt/c/Users/roman/RFtest/test_dir/more_than3_dir/test2.txt"&gt;/mnt/c/Users/roman/RFtest/test_dir/more_than3_dir/test2.txt&lt;/a&gt;'.</msg>
<status starttime="20170823 14:39:43.760" status="PASS" endtime="20170823 14:39:43.761"></status>
</kw>
<status starttime="20170823 14:39:43.760" status="PASS" endtime="20170823 14:39:43.761"></status>
</kw>
<kw name="${index} = 3" type="foritem">
<kw name="Create File" library="OperatingSystem">
<doc>Creates a file with the given content and encoding.</doc>
<arguments>
<arg>${more_than3_dir}/test${index}.txt</arg>
</arguments>
<msg timestamp="20170823 14:39:43.763" html="yes" level="INFO">Created file '&lt;a href="file:///mnt/c/Users/roman/RFtest/test_dir/more_than3_dir/test3.txt"&gt;/mnt/c/Users/roman/RFtest/test_dir/more_than3_dir/test3.txt&lt;/a&gt;'.</msg>
<status starttime="20170823 14:39:43.762" status="PASS" endtime="20170823 14:39:43.763"></status>
</kw>
<status starttime="20170823 14:39:43.761" status="PASS" endtime="20170823 14:39:43.763"></status>
</kw>
<kw name="${index} = 4" type="foritem">
<kw name="Create File" library="OperatingSystem">
<doc>Creates a file with the given content and encoding.</doc>
<arguments>
<arg>${more_than3_dir}/test${index}.txt</arg>
</arguments>
<msg timestamp="20170823 14:39:43.765" html="yes" level="INFO">Created file '&lt;a href="file:///mnt/c/Users/roman/RFtest/test_dir/more_than3_dir/test4.txt"&gt;/mnt/c/Users/roman/RFtest/test_dir/more_than3_dir/test4.txt&lt;/a&gt;'.</msg>
<status starttime="20170823 14:39:43.763" status="PASS" endtime="20170823 14:39:43.765"></status>
</kw>
<status starttime="20170823 14:39:43.763" status="PASS" endtime="20170823 14:39:43.765"></status>
</kw>
<status starttime="20170823 14:39:43.757" status="PASS" endtime="20170823 14:39:43.765"></status>
</kw>
<status starttime="20170823 14:39:43.746" status="PASS" endtime="20170823 14:39:43.765"></status>
</kw>
<kw name="Should Not Exist" library="OperatingSystem">
<doc>Fails if the given path (file or directory) exists.</doc>
<arguments>
<arg>${nonexistant_file}</arg>
</arguments>
<msg timestamp="20170823 14:39:43.767" html="yes" level="INFO">Path '&lt;a href="file:///mnt/c/Users/roman/RFtest/test_dir/nonexistant_file.txt"&gt;/mnt/c/Users/roman/RFtest/test_dir/nonexistant_file.txt&lt;/a&gt;' does not exist.</msg>
<status starttime="20170823 14:39:43.766" status="PASS" endtime="20170823 14:39:43.767"></status>
</kw>
<kw name="Rm Remove" library="rm_test">
<arguments>
<arg>${nonexistant_file}</arg>
</arguments>
<status starttime="20170823 14:39:43.767" status="PASS" endtime="20170823 14:39:43.801"></status>
</kw>
<kw name="Status Should Be" library="rm_test">
<arguments>
<arg>rm: невозможно удалить «${nonexistant_file}»: Нет такого файла или каталога</arg>
</arguments>
<status starttime="20170823 14:39:43.802" status="PASS" endtime="20170823 14:39:43.803"></status>
</kw>
<kw name="Should Not Exist" library="OperatingSystem">
<doc>Fails if the given path (file or directory) exists.</doc>
<arguments>
<arg>${nonexistant_file}</arg>
</arguments>
<msg timestamp="20170823 14:39:43.807" html="yes" level="INFO">Path '&lt;a href="file:///mnt/c/Users/roman/RFtest/test_dir/nonexistant_file.txt"&gt;/mnt/c/Users/roman/RFtest/test_dir/nonexistant_file.txt&lt;/a&gt;' does not exist.</msg>
<status starttime="20170823 14:39:43.804" status="PASS" endtime="20170823 14:39:43.807"></status>
</kw>
<status starttime="20170823 14:39:43.745" critical="yes" status="PASS" endtime="20170823 14:39:43.808"></status>
</test>
<test name="Remove nonexistant file with ignoring error" id="s1-t2">
<kw name="Create test directory">
<kw name="Remove Directory" library="OperatingSystem">
<doc>Removes the directory pointed to by the given ``path``.</doc>
<arguments>
<arg>${test_dir}</arg>
<arg>recursive=True</arg>
</arguments>
<msg timestamp="20170823 14:39:43.815" html="yes" level="INFO">Removed directory '&lt;a href="file:///mnt/c/Users/roman/RFtest/test_dir"&gt;/mnt/c/Users/roman/RFtest/test_dir&lt;/a&gt;'.</msg>
<status starttime="20170823 14:39:43.810" status="PASS" endtime="20170823 14:39:43.815"></status>
</kw>
<kw name="Create File" library="OperatingSystem">
<doc>Creates a file with the given content and encoding.</doc>
<arguments>
<arg>${existant_file}</arg>
</arguments>
<msg timestamp="20170823 14:39:43.817" html="yes" level="INFO">Created file '&lt;a href="file:///mnt/c/Users/roman/RFtest/test_dir/existant_file.txt"&gt;/mnt/c/Users/roman/RFtest/test_dir/existant_file.txt&lt;/a&gt;'.</msg>
<status starttime="20170823 14:39:43.816" status="PASS" endtime="20170823 14:39:43.817"></status>
</kw>
<kw name="Create Directory" library="OperatingSystem">
<doc>Creates the specified directory.</doc>
<arguments>
<arg>${empty_dir}</arg>
</arguments>
<msg timestamp="20170823 14:39:43.819" html="yes" level="INFO">Created directory '&lt;a href="file:///mnt/c/Users/roman/RFtest/test_dir/empty_dir"&gt;/mnt/c/Users/roman/RFtest/test_dir/empty_dir&lt;/a&gt;'.</msg>
<status starttime="20170823 14:39:43.818" status="PASS" endtime="20170823 14:39:43.819"></status>
</kw>
<kw name="${index} IN RANGE [ 1 | 5 ]" type="for">
<kw name="${index} = 1" type="foritem">
<kw name="Create File" library="OperatingSystem">
<doc>Creates a file with the given content and encoding.</doc>
<arguments>
<arg>${more_than3_dir}/test${index}.txt</arg>
</arguments>
<msg timestamp="20170823 14:39:43.822" html="yes" level="INFO">Created file '&lt;a href="file:///mnt/c/Users/roman/RFtest/test_dir/more_than3_dir/test1.txt"&gt;/mnt/c/Users/roman/RFtest/test_dir/more_than3_dir/test1.txt&lt;/a&gt;'.</msg>
<status starttime="20170823 14:39:43.819" status="PASS" endtime="20170823 14:39:43.823"></status>
</kw>
<status starttime="20170823 14:39:43.819" status="PASS" endtime="20170823 14:39:43.823"></status>
</kw>
<kw name="${index} = 2" type="foritem">
<kw name="Create File" library="OperatingSystem">
<doc>Creates a file with the given content and encoding.</doc>
<arguments>
<arg>${more_than3_dir}/test${index}.txt</arg>
</arguments>
<msg timestamp="20170823 14:39:43.825" html="yes" level="INFO">Created file '&lt;a href="file:///mnt/c/Users/roman/RFtest/test_dir/more_than3_dir/test2.txt"&gt;/mnt/c/Users/roman/RFtest/test_dir/more_than3_dir/test2.txt&lt;/a&gt;'.</msg>
<status starttime="20170823 14:39:43.823" status="PASS" endtime="20170823 14:39:43.825"></status>
</kw>
<status starttime="20170823 14:39:43.823" status="PASS" endtime="20170823 14:39:43.825"></status>
</kw>
<kw name="${index} = 3" type="foritem">
<kw name="Create File" library="OperatingSystem">
<doc>Creates a file with the given content and encoding.</doc>
<arguments>
<arg>${more_than3_dir}/test${index}.txt</arg>
</arguments>
<msg timestamp="20170823 14:39:43.827" html="yes" level="INFO">Created file '&lt;a href="file:///mnt/c/Users/roman/RFtest/test_dir/more_than3_dir/test3.txt"&gt;/mnt/c/Users/roman/RFtest/test_dir/more_than3_dir/test3.txt&lt;/a&gt;'.</msg>
<status starttime="20170823 14:39:43.825" status="PASS" endtime="20170823 14:39:43.827"></status>
</kw>
<status starttime="20170823 14:39:43.825" status="PASS" endtime="20170823 14:39:43.827"></status>
</kw>
<kw name="${index} = 4" type="foritem">
<kw name="Create File" library="OperatingSystem">
<doc>Creates a file with the given content and encoding.</doc>
<arguments>
<arg>${more_than3_dir}/test${index}.txt</arg>
</arguments>
<msg timestamp="20170823 14:39:43.828" html="yes" level="INFO">Created file '&lt;a href="file:///mnt/c/Users/roman/RFtest/test_dir/more_than3_dir/test4.txt"&gt;/mnt/c/Users/roman/RFtest/test_dir/more_than3_dir/test4.txt&lt;/a&gt;'.</msg>
<status starttime="20170823 14:39:43.827" status="PASS" endtime="20170823 14:39:43.829"></status>
</kw>
<status starttime="20170823 14:39:43.827" status="PASS" endtime="20170823 14:39:43.829"></status>
</kw>
<status starttime="20170823 14:39:43.819" status="PASS" endtime="20170823 14:39:43.829"></status>
</kw>
<status starttime="20170823 14:39:43.809" status="PASS" endtime="20170823 14:39:43.829"></status>
</kw>
<kw name="Should Not Exist" library="OperatingSystem">
<doc>Fails if the given path (file or directory) exists.</doc>
<arguments>
<arg>${nonexistant_file}</arg>
</arguments>
<msg timestamp="20170823 14:39:43.830" html="yes" level="INFO">Path '&lt;a href="file:///mnt/c/Users/roman/RFtest/test_dir/nonexistant_file.txt"&gt;/mnt/c/Users/roman/RFtest/test_dir/nonexistant_file.txt&lt;/a&gt;' does not exist.</msg>
<status starttime="20170823 14:39:43.829" status="PASS" endtime="20170823 14:39:43.830"></status>
</kw>
<kw name="Rm Remove" library="rm_test">
<arguments>
<arg>-f ${nonexistant_file}</arg>
</arguments>
<status starttime="20170823 14:39:43.831" status="PASS" endtime="20170823 14:39:43.858"></status>
</kw>
<kw name="Should Not Exist" library="OperatingSystem">
<doc>Fails if the given path (file or directory) exists.</doc>
<arguments>
<arg>${nonexistant_file}</arg>
</arguments>
<msg timestamp="20170823 14:39:43.860" html="yes" level="INFO">Path '&lt;a href="file:///mnt/c/Users/roman/RFtest/test_dir/nonexistant_file.txt"&gt;/mnt/c/Users/roman/RFtest/test_dir/nonexistant_file.txt&lt;/a&gt;' does not exist.</msg>
<status starttime="20170823 14:39:43.859" status="PASS" endtime="20170823 14:39:43.861"></status>
</kw>
<status starttime="20170823 14:39:43.808" critical="yes" status="PASS" endtime="20170823 14:39:43.861"></status>
</test>
<test name="Remove existant file" id="s1-t3">
<kw name="Create test directory">
<kw name="Remove Directory" library="OperatingSystem">
<doc>Removes the directory pointed to by the given ``path``.</doc>
<arguments>
<arg>${test_dir}</arg>
<arg>recursive=True</arg>
</arguments>
<msg timestamp="20170823 14:39:43.868" html="yes" level="INFO">Removed directory '&lt;a href="file:///mnt/c/Users/roman/RFtest/test_dir"&gt;/mnt/c/Users/roman/RFtest/test_dir&lt;/a&gt;'.</msg>
<status starttime="20170823 14:39:43.863" status="PASS" endtime="20170823 14:39:43.868"></status>
</kw>
<kw name="Create File" library="OperatingSystem">
<doc>Creates a file with the given content and encoding.</doc>
<arguments>
<arg>${existant_file}</arg>
</arguments>
<msg timestamp="20170823 14:39:43.870" html="yes" level="INFO">Created file '&lt;a href="file:///mnt/c/Users/roman/RFtest/test_dir/existant_file.txt"&gt;/mnt/c/Users/roman/RFtest/test_dir/existant_file.txt&lt;/a&gt;'.</msg>
<status starttime="20170823 14:39:43.868" status="PASS" endtime="20170823 14:39:43.870"></status>
</kw>
<kw name="Create Directory" library="OperatingSystem">
<doc>Creates the specified directory.</doc>
<arguments>
<arg>${empty_dir}</arg>
</arguments>
<msg timestamp="20170823 14:39:43.873" html="yes" level="INFO">Created directory '&lt;a href="file:///mnt/c/Users/roman/RFtest/test_dir/empty_dir"&gt;/mnt/c/Users/roman/RFtest/test_dir/empty_dir&lt;/a&gt;'.</msg>
<status starttime="20170823 14:39:43.871" status="PASS" endtime="20170823 14:39:43.873"></status>
</kw>
<kw name="${index} IN RANGE [ 1 | 5 ]" type="for">
<kw name="${index} = 1" type="foritem">
<kw name="Create File" library="OperatingSystem">
<doc>Creates a file with the given content and encoding.</doc>
<arguments>
<arg>${more_than3_dir}/test${index}.txt</arg>
</arguments>
<msg timestamp="20170823 14:39:43.877" html="yes" level="INFO">Created file '&lt;a href="file:///mnt/c/Users/roman/RFtest/test_dir/more_than3_dir/test1.txt"&gt;/mnt/c/Users/roman/RFtest/test_dir/more_than3_dir/test1.txt&lt;/a&gt;'.</msg>
<status starttime="20170823 14:39:43.874" status="PASS" endtime="20170823 14:39:43.877"></status>
</kw>
<status starttime="20170823 14:39:43.874" status="PASS" endtime="20170823 14:39:43.877"></status>
</kw>
<kw name="${index} = 2" type="foritem">
<kw name="Create File" library="OperatingSystem">
<doc>Creates a file with the given content and encoding.</doc>
<arguments>
<arg>${more_than3_dir}/test${index}.txt</arg>
</arguments>
<msg timestamp="20170823 14:39:43.879" html="yes" level="INFO">Created file '&lt;a href="file:///mnt/c/Users/roman/RFtest/test_dir/more_than3_dir/test2.txt"&gt;/mnt/c/Users/roman/RFtest/test_dir/more_than3_dir/test2.txt&lt;/a&gt;'.</msg>
<status starttime="20170823 14:39:43.877" status="PASS" endtime="20170823 14:39:43.879"></status>
</kw>
<status starttime="20170823 14:39:43.877" status="PASS" endtime="20170823 14:39:43.879"></status>
</kw>
<kw name="${index} = 3" type="foritem">
<kw name="Create File" library="OperatingSystem">
<doc>Creates a file with the given content and encoding.</doc>
<arguments>
<arg>${more_than3_dir}/test${index}.txt</arg>
</arguments>
<msg timestamp="20170823 14:39:43.881" html="yes" level="INFO">Created file '&lt;a href="file:///mnt/c/Users/roman/RFtest/test_dir/more_than3_dir/test3.txt"&gt;/mnt/c/Users/roman/RFtest/test_dir/more_than3_dir/test3.txt&lt;/a&gt;'.</msg>
<status starttime="20170823 14:39:43.879" status="PASS" endtime="20170823 14:39:43.881"></status>
</kw>
<status starttime="20170823 14:39:43.879" status="PASS" endtime="20170823 14:39:43.881"></status>
</kw>
<kw name="${index} = 4" type="foritem">
<kw name="Create File" library="OperatingSystem">
<doc>Creates a file with the given content and encoding.</doc>
<arguments>
<arg>${more_than3_dir}/test${index}.txt</arg>
</arguments>
<msg timestamp="20170823 14:39:43.883" html="yes" level="INFO">Created file '&lt;a href="file:///mnt/c/Users/roman/RFtest/test_dir/more_than3_dir/test4.txt"&gt;/mnt/c/Users/roman/RFtest/test_dir/more_than3_dir/test4.txt&lt;/a&gt;'.</msg>
<status starttime="20170823 14:39:43.881" status="PASS" endtime="20170823 14:39:43.883"></status>
</kw>
<status starttime="20170823 14:39:43.881" status="PASS" endtime="20170823 14:39:43.883"></status>
</kw>
<status starttime="20170823 14:39:43.873" status="PASS" endtime="20170823 14:39:43.883"></status>
</kw>
<status starttime="20170823 14:39:43.863" status="PASS" endtime="20170823 14:39:43.883"></status>
</kw>
<kw name="Should Exist" library="OperatingSystem">
<doc>Fails unless the given path (file or directory) exists.</doc>
<arguments>
<arg>${existant_file}</arg>
</arguments>
<msg timestamp="20170823 14:39:43.884" html="yes" level="INFO">Path '&lt;a href="file:///mnt/c/Users/roman/RFtest/test_dir/existant_file.txt"&gt;/mnt/c/Users/roman/RFtest/test_dir/existant_file.txt&lt;/a&gt;' exists.</msg>
<status starttime="20170823 14:39:43.884" status="PASS" endtime="20170823 14:39:43.884"></status>
</kw>
<kw name="Rm Remove" library="rm_test">
<arguments>
<arg>${existant_file}</arg>
</arguments>
<status starttime="20170823 14:39:43.885" status="PASS" endtime="20170823 14:39:43.912"></status>
</kw>
<kw name="Status Should Be" library="rm_test">
<arguments>
<arg>${EMPTY}</arg>
</arguments>
<status starttime="20170823 14:39:43.913" status="PASS" endtime="20170823 14:39:43.914"></status>
</kw>
<kw name="Should Not Exist" library="OperatingSystem">
<doc>Fails if the given path (file or directory) exists.</doc>
<arguments>
<arg>${existant_file}</arg>
</arguments>
<msg timestamp="20170823 14:39:43.916" html="yes" level="INFO">Path '&lt;a href="file:///mnt/c/Users/roman/RFtest/test_dir/existant_file.txt"&gt;/mnt/c/Users/roman/RFtest/test_dir/existant_file.txt&lt;/a&gt;' does not exist.</msg>
<status starttime="20170823 14:39:43.915" status="PASS" endtime="20170823 14:39:43.916"></status>
</kw>
<status starttime="20170823 14:39:43.862" critical="yes" status="PASS" endtime="20170823 14:39:43.916"></status>
</test>
<test name="Remove directory with key -rf" id="s1-t4">
<kw name="Log To Console" library="BuiltIn">
<doc>Logs the given message to the console.</doc>
<arguments>
<arg>\n#Remove directory and their contents recursively \n#and ignore nonexistant files and never prompt before removing</arg>
</arguments>
<status starttime="20170823 14:39:43.918" status="PASS" endtime="20170823 14:39:43.919"></status>
</kw>
<kw name="Create test directory">
<kw name="Remove Directory" library="OperatingSystem">
<doc>Removes the directory pointed to by the given ``path``.</doc>
<arguments>
<arg>${test_dir}</arg>
<arg>recursive=True</arg>
</arguments>
<msg timestamp="20170823 14:39:43.925" html="yes" level="INFO">Removed directory '&lt;a href="file:///mnt/c/Users/roman/RFtest/test_dir"&gt;/mnt/c/Users/roman/RFtest/test_dir&lt;/a&gt;'.</msg>
<status starttime="20170823 14:39:43.920" status="PASS" endtime="20170823 14:39:43.925"></status>
</kw>
<kw name="Create File" library="OperatingSystem">
<doc>Creates a file with the given content and encoding.</doc>
<arguments>
<arg>${existant_file}</arg>
</arguments>
<msg timestamp="20170823 14:39:43.927" html="yes" level="INFO">Created file '&lt;a href="file:///mnt/c/Users/roman/RFtest/test_dir/existant_file.txt"&gt;/mnt/c/Users/roman/RFtest/test_dir/existant_file.txt&lt;/a&gt;'.</msg>
<status starttime="20170823 14:39:43.925" status="PASS" endtime="20170823 14:39:43.927"></status>
</kw>
<kw name="Create Directory" library="OperatingSystem">
<doc>Creates the specified directory.</doc>
<arguments>
<arg>${empty_dir}</arg>
</arguments>
<msg timestamp="20170823 14:39:43.939" html="yes" level="INFO">Created directory '&lt;a href="file:///mnt/c/Users/roman/RFtest/test_dir/empty_dir"&gt;/mnt/c/Users/roman/RFtest/test_dir/empty_dir&lt;/a&gt;'.</msg>
<status starttime="20170823 14:39:43.928" status="PASS" endtime="20170823 14:39:43.939"></status>
</kw>
<kw name="${index} IN RANGE [ 1 | 5 ]" type="for">
<kw name="${index} = 1" type="foritem">
<kw name="Create File" library="OperatingSystem">
<doc>Creates a file with the given content and encoding.</doc>
<arguments>
<arg>${more_than3_dir}/test${index}.txt</arg>
</arguments>
<msg timestamp="20170823 14:39:43.942" html="yes" level="INFO">Created file '&lt;a href="file:///mnt/c/Users/roman/RFtest/test_dir/more_than3_dir/test1.txt"&gt;/mnt/c/Users/roman/RFtest/test_dir/more_than3_dir/test1.txt&lt;/a&gt;'.</msg>
<status starttime="20170823 14:39:43.940" status="PASS" endtime="20170823 14:39:43.942"></status>
</kw>
<status starttime="20170823 14:39:43.939" status="PASS" endtime="20170823 14:39:43.942"></status>
</kw>
<kw name="${index} = 2" type="foritem">
<kw name="Create File" library="OperatingSystem">
<doc>Creates a file with the given content and encoding.</doc>
<arguments>
<arg>${more_than3_dir}/test${index}.txt</arg>
</arguments>
<msg timestamp="20170823 14:39:43.943" html="yes" level="INFO">Created file '&lt;a href="file:///mnt/c/Users/roman/RFtest/test_dir/more_than3_dir/test2.txt"&gt;/mnt/c/Users/roman/RFtest/test_dir/more_than3_dir/test2.txt&lt;/a&gt;'.</msg>
<status starttime="20170823 14:39:43.942" status="PASS" endtime="20170823 14:39:43.943"></status>
</kw>
<status starttime="20170823 14:39:43.942" status="PASS" endtime="20170823 14:39:43.944"></status>
</kw>
<kw name="${index} = 3" type="foritem">
<kw name="Create File" library="OperatingSystem">
<doc>Creates a file with the given content and encoding.</doc>
<arguments>
<arg>${more_than3_dir}/test${index}.txt</arg>
</arguments>
<msg timestamp="20170823 14:39:43.945" html="yes" level="INFO">Created file '&lt;a href="file:///mnt/c/Users/roman/RFtest/test_dir/more_than3_dir/test3.txt"&gt;/mnt/c/Users/roman/RFtest/test_dir/more_than3_dir/test3.txt&lt;/a&gt;'.</msg>
<status starttime="20170823 14:39:43.944" status="PASS" endtime="20170823 14:39:43.945"></status>
</kw>
<status starttime="20170823 14:39:43.944" status="PASS" endtime="20170823 14:39:43.945"></status>
</kw>
<kw name="${index} = 4" type="foritem">
<kw name="Create File" library="OperatingSystem">
<doc>Creates a file with the given content and encoding.</doc>
<arguments>
<arg>${more_than3_dir}/test${index}.txt</arg>
</arguments>
<msg timestamp="20170823 14:39:43.947" html="yes" level="INFO">Created file '&lt;a href="file:///mnt/c/Users/roman/RFtest/test_dir/more_than3_dir/test4.txt"&gt;/mnt/c/Users/roman/RFtest/test_dir/more_than3_dir/test4.txt&lt;/a&gt;'.</msg>
<status starttime="20170823 14:39:43.946" status="PASS" endtime="20170823 14:39:43.947"></status>
</kw>
<status starttime="20170823 14:39:43.945" status="PASS" endtime="20170823 14:39:43.947"></status>
</kw>
<status starttime="20170823 14:39:43.939" status="PASS" endtime="20170823 14:39:43.947"></status>
</kw>
<status starttime="20170823 14:39:43.920" status="PASS" endtime="20170823 14:39:43.947"></status>
</kw>
<kw name="Rm Remove" library="rm_test">
<arguments>
<arg>-rf ${test_dir}</arg>
</arguments>
<status starttime="20170823 14:39:43.948" status="PASS" endtime="20170823 14:39:43.977"></status>
</kw>
<kw name="Status Should Be" library="rm_test">
<arguments>
<arg>${EMPTY}</arg>
</arguments>
<status starttime="20170823 14:39:43.979" status="PASS" endtime="20170823 14:39:43.979"></status>
</kw>
<kw name="Should Not Exist" library="OperatingSystem">
<doc>Fails if the given path (file or directory) exists.</doc>
<arguments>
<arg>${test_dir}</arg>
</arguments>
<msg timestamp="20170823 14:39:43.980" html="yes" level="INFO">Path '&lt;a href="file:///mnt/c/Users/roman/RFtest/test_dir"&gt;/mnt/c/Users/roman/RFtest/test_dir&lt;/a&gt;' does not exist.</msg>
<status starttime="20170823 14:39:43.980" status="PASS" endtime="20170823 14:39:43.981"></status>
</kw>
<status starttime="20170823 14:39:43.917" critical="yes" status="PASS" endtime="20170823 14:39:43.981"></status>
</test>
<test name="Remove directory prompt once before removing recursively" id="s1-t5">
<kw name="Create test directory">
<kw name="Remove Directory" library="OperatingSystem">
<doc>Removes the directory pointed to by the given ``path``.</doc>
<arguments>
<arg>${test_dir}</arg>
<arg>recursive=True</arg>
</arguments>
<msg timestamp="20170823 14:39:43.984" html="yes" level="INFO">Directory '&lt;a href="file:///mnt/c/Users/roman/RFtest/test_dir"&gt;/mnt/c/Users/roman/RFtest/test_dir&lt;/a&gt;' does not exist.</msg>
<status starttime="20170823 14:39:43.984" status="PASS" endtime="20170823 14:39:43.984"></status>
</kw>
<kw name="Create File" library="OperatingSystem">
<doc>Creates a file with the given content and encoding.</doc>
<arguments>
<arg>${existant_file}</arg>
</arguments>
<msg timestamp="20170823 14:39:43.986" html="yes" level="INFO">Created file '&lt;a href="file:///mnt/c/Users/roman/RFtest/test_dir/existant_file.txt"&gt;/mnt/c/Users/roman/RFtest/test_dir/existant_file.txt&lt;/a&gt;'.</msg>
<status starttime="20170823 14:39:43.984" status="PASS" endtime="20170823 14:39:43.986"></status>
</kw>
<kw name="Create Directory" library="OperatingSystem">
<doc>Creates the specified directory.</doc>
<arguments>
<arg>${empty_dir}</arg>
</arguments>
<msg timestamp="20170823 14:39:43.989" html="yes" level="INFO">Created directory '&lt;a href="file:///mnt/c/Users/roman/RFtest/test_dir/empty_dir"&gt;/mnt/c/Users/roman/RFtest/test_dir/empty_dir&lt;/a&gt;'.</msg>
<status starttime="20170823 14:39:43.986" status="PASS" endtime="20170823 14:39:43.990"></status>
</kw>
<kw name="${index} IN RANGE [ 1 | 5 ]" type="for">
<kw name="${index} = 1" type="foritem">
<kw name="Create File" library="OperatingSystem">
<doc>Creates a file with the given content and encoding.</doc>
<arguments>
<arg>${more_than3_dir}/test${index}.txt</arg>
</arguments>
<msg timestamp="20170823 14:39:43.993" html="yes" level="INFO">Created file '&lt;a href="file:///mnt/c/Users/roman/RFtest/test_dir/more_than3_dir/test1.txt"&gt;/mnt/c/Users/roman/RFtest/test_dir/more_than3_dir/test1.txt&lt;/a&gt;'.</msg>
<status starttime="20170823 14:39:43.991" status="PASS" endtime="20170823 14:39:43.993"></status>
</kw>
<status starttime="20170823 14:39:43.990" status="PASS" endtime="20170823 14:39:43.993"></status>
</kw>
<kw name="${index} = 2" type="foritem">
<kw name="Create File" library="OperatingSystem">
<doc>Creates a file with the given content and encoding.</doc>
<arguments>
<arg>${more_than3_dir}/test${index}.txt</arg>
</arguments>
<msg timestamp="20170823 14:39:43.995" html="yes" level="INFO">Created file '&lt;a href="file:///mnt/c/Users/roman/RFtest/test_dir/more_than3_dir/test2.txt"&gt;/mnt/c/Users/roman/RFtest/test_dir/more_than3_dir/test2.txt&lt;/a&gt;'.</msg>
<status starttime="20170823 14:39:43.993" status="PASS" endtime="20170823 14:39:43.995"></status>
</kw>
<status starttime="20170823 14:39:43.993" status="PASS" endtime="20170823 14:39:43.995"></status>
</kw>
<kw name="${index} = 3" type="foritem">
<kw name="Create File" library="OperatingSystem">
<doc>Creates a file with the given content and encoding.</doc>
<arguments>
<arg>${more_than3_dir}/test${index}.txt</arg>
</arguments>
<msg timestamp="20170823 14:39:43.997" html="yes" level="INFO">Created file '&lt;a href="file:///mnt/c/Users/roman/RFtest/test_dir/more_than3_dir/test3.txt"&gt;/mnt/c/Users/roman/RFtest/test_dir/more_than3_dir/test3.txt&lt;/a&gt;'.</msg>
<status starttime="20170823 14:39:43.996" status="PASS" endtime="20170823 14:39:43.997"></status>
</kw>
<status starttime="20170823 14:39:43.995" status="PASS" endtime="20170823 14:39:43.997"></status>
</kw>
<kw name="${index} = 4" type="foritem">
<kw name="Create File" library="OperatingSystem">
<doc>Creates a file with the given content and encoding.</doc>
<arguments>
<arg>${more_than3_dir}/test${index}.txt</arg>
</arguments>
<msg timestamp="20170823 14:39:43.999" html="yes" level="INFO">Created file '&lt;a href="file:///mnt/c/Users/roman/RFtest/test_dir/more_than3_dir/test4.txt"&gt;/mnt/c/Users/roman/RFtest/test_dir/more_than3_dir/test4.txt&lt;/a&gt;'.</msg>
<status starttime="20170823 14:39:43.998" status="PASS" endtime="20170823 14:39:44.000"></status>
</kw>
<status starttime="20170823 14:39:43.997" status="PASS" endtime="20170823 14:39:44.000"></status>
</kw>
<status starttime="20170823 14:39:43.990" status="PASS" endtime="20170823 14:39:44.000"></status>
</kw>
<status starttime="20170823 14:39:43.983" status="PASS" endtime="20170823 14:39:44.000"></status>
</kw>
<kw name="Rm Remove" library="rm_test">
<arguments>
<arg>-rI ${test_dir}</arg>
<arg>stdin_str=no</arg>
</arguments>
<status starttime="20170823 14:39:44.000" status="PASS" endtime="20170823 14:39:44.032"></status>
</kw>
<kw name="Should Exist" library="OperatingSystem">
<doc>Fails unless the given path (file or directory) exists.</doc>
<arguments>
<arg>${test_dir}</arg>
</arguments>
<msg timestamp="20170823 14:39:44.034" html="yes" level="INFO">Path '&lt;a href="file:///mnt/c/Users/roman/RFtest/test_dir"&gt;/mnt/c/Users/roman/RFtest/test_dir&lt;/a&gt;' exists.</msg>
<status starttime="20170823 14:39:44.033" status="PASS" endtime="20170823 14:39:44.034"></status>
</kw>
<kw name="Rm Remove" library="rm_test">
<arguments>
<arg>-rI ${test_dir}</arg>
<arg>stdin_str=yes</arg>
</arguments>
<status starttime="20170823 14:39:44.034" status="PASS" endtime="20170823 14:39:44.063"></status>
</kw>
<kw name="Should Not Exist" library="OperatingSystem">
<doc>Fails if the given path (file or directory) exists.</doc>
<arguments>
<arg>${test_dir}</arg>
</arguments>
<msg timestamp="20170823 14:39:44.065" html="yes" level="INFO">Path '&lt;a href="file:///mnt/c/Users/roman/RFtest/test_dir"&gt;/mnt/c/Users/roman/RFtest/test_dir&lt;/a&gt;' does not exist.</msg>
<status starttime="20170823 14:39:44.064" status="PASS" endtime="20170823 14:39:44.065"></status>
</kw>
<status starttime="20170823 14:39:43.982" critical="yes" status="PASS" endtime="20170823 14:39:44.066"></status>
</test>
<test name="Remove more than three files with prompt once before removing" id="s1-t6">
<kw name="Create test directory">
<kw name="Remove Directory" library="OperatingSystem">
<doc>Removes the directory pointed to by the given ``path``.</doc>
<arguments>
<arg>${test_dir}</arg>
<arg>recursive=True</arg>
</arguments>
<msg timestamp="20170823 14:39:44.068" html="yes" level="INFO">Directory '&lt;a href="file:///mnt/c/Users/roman/RFtest/test_dir"&gt;/mnt/c/Users/roman/RFtest/test_dir&lt;/a&gt;' does not exist.</msg>
<status starttime="20170823 14:39:44.068" status="PASS" endtime="20170823 14:39:44.069"></status>
</kw>
<kw name="Create File" library="OperatingSystem">
<doc>Creates a file with the given content and encoding.</doc>
<arguments>
<arg>${existant_file}</arg>
</arguments>
<msg timestamp="20170823 14:39:44.070" html="yes" level="INFO">Created file '&lt;a href="file:///mnt/c/Users/roman/RFtest/test_dir/existant_file.txt"&gt;/mnt/c/Users/roman/RFtest/test_dir/existant_file.txt&lt;/a&gt;'.</msg>
<status starttime="20170823 14:39:44.069" status="PASS" endtime="20170823 14:39:44.071"></status>
</kw>
<kw name="Create Directory" library="OperatingSystem">
<doc>Creates the specified directory.</doc>
<arguments>
<arg>${empty_dir}</arg>
</arguments>
<msg timestamp="20170823 14:39:44.072" html="yes" level="INFO">Created directory '&lt;a href="file:///mnt/c/Users/roman/RFtest/test_dir/empty_dir"&gt;/mnt/c/Users/roman/RFtest/test_dir/empty_dir&lt;/a&gt;'.</msg>
<status starttime="20170823 14:39:44.071" status="PASS" endtime="20170823 14:39:44.073"></status>
</kw>
<kw name="${index} IN RANGE [ 1 | 5 ]" type="for">
<kw name="${index} = 1" type="foritem">
<kw name="Create File" library="OperatingSystem">
<doc>Creates a file with the given content and encoding.</doc>
<arguments>
<arg>${more_than3_dir}/test${index}.txt</arg>
</arguments>
<msg timestamp="20170823 14:39:44.075" html="yes" level="INFO">Created file '&lt;a href="file:///mnt/c/Users/roman/RFtest/test_dir/more_than3_dir/test1.txt"&gt;/mnt/c/Users/roman/RFtest/test_dir/more_than3_dir/test1.txt&lt;/a&gt;'.</msg>
<status starttime="20170823 14:39:44.073" status="PASS" endtime="20170823 14:39:44.076"></status>
</kw>
<status starttime="20170823 14:39:44.073" status="PASS" endtime="20170823 14:39:44.076"></status>
</kw>
<kw name="${index} = 2" type="foritem">
<kw name="Create File" library="OperatingSystem">
<doc>Creates a file with the given content and encoding.</doc>
<arguments>
<arg>${more_than3_dir}/test${index}.txt</arg>
</arguments>
<msg timestamp="20170823 14:39:44.078" html="yes" level="INFO">Created file '&lt;a href="file:///mnt/c/Users/roman/RFtest/test_dir/more_than3_dir/test2.txt"&gt;/mnt/c/Users/roman/RFtest/test_dir/more_than3_dir/test2.txt&lt;/a&gt;'.</msg>
<status starttime="20170823 14:39:44.076" status="PASS" endtime="20170823 14:39:44.078"></status>
</kw>
<status starttime="20170823 14:39:44.076" status="PASS" endtime="20170823 14:39:44.078"></status>
</kw>
<kw name="${index} = 3" type="foritem">
<kw name="Create File" library="OperatingSystem">
<doc>Creates a file with the given content and encoding.</doc>
<arguments>
<arg>${more_than3_dir}/test${index}.txt</arg>
</arguments>
<msg timestamp="20170823 14:39:44.080" html="yes" level="INFO">Created file '&lt;a href="file:///mnt/c/Users/roman/RFtest/test_dir/more_than3_dir/test3.txt"&gt;/mnt/c/Users/roman/RFtest/test_dir/more_than3_dir/test3.txt&lt;/a&gt;'.</msg>
<status starttime="20170823 14:39:44.078" status="PASS" endtime="20170823 14:39:44.080"></status>
</kw>
<status starttime="20170823 14:39:44.078" status="PASS" endtime="20170823 14:39:44.080"></status>
</kw>
<kw name="${index} = 4" type="foritem">
<kw name="Create File" library="OperatingSystem">
<doc>Creates a file with the given content and encoding.</doc>
<arguments>
<arg>${more_than3_dir}/test${index}.txt</arg>
</arguments>
<msg timestamp="20170823 14:39:44.082" html="yes" level="INFO">Created file '&lt;a href="file:///mnt/c/Users/roman/RFtest/test_dir/more_than3_dir/test4.txt"&gt;/mnt/c/Users/roman/RFtest/test_dir/more_than3_dir/test4.txt&lt;/a&gt;'.</msg>
<status starttime="20170823 14:39:44.081" status="PASS" endtime="20170823 14:39:44.082"></status>
</kw>
<status starttime="20170823 14:39:44.080" status="PASS" endtime="20170823 14:39:44.082"></status>
</kw>
<status starttime="20170823 14:39:44.073" status="PASS" endtime="20170823 14:39:44.082"></status>
</kw>
<status starttime="20170823 14:39:44.068" status="PASS" endtime="20170823 14:39:44.083"></status>
</kw>
<kw name="List Files In Directory" library="OperatingSystem">
<doc>Wrapper for `List Directory` that returns only files.</doc>
<arguments>
<arg>${more_than3_dir}</arg>
</arguments>
<assign>
<var>@{files}</var>
</assign>
<msg timestamp="20170823 14:39:44.083" html="yes" level="INFO">Listing contents of directory '&lt;a href="file:///mnt/c/Users/roman/RFtest/test_dir/more_than3_dir"&gt;/mnt/c/Users/roman/RFtest/test_dir/more_than3_dir&lt;/a&gt;'.</msg>
<msg timestamp="20170823 14:39:44.084" level="INFO">4 files:
test1.txt
test2.txt
test3.txt
test4.txt</msg>
<msg timestamp="20170823 14:39:44.085" level="INFO">@{files} = [ test1.txt | test2.txt | test3.txt | test4.txt ]</msg>
<status starttime="20170823 14:39:44.083" status="PASS" endtime="20170823 14:39:44.085"></status>
</kw>
<kw name="${file} IN [ @{files} ]" type="for">
<kw name="${file} = test1.txt" type="foritem">
<kw name="Catenate" library="BuiltIn">
<doc>Catenates the given items together and returns the resulted string.</doc>
<arguments>
<arg>${str_list}</arg>
<arg>${more_than3_dir}${file}</arg>
</arguments>
<assign>
<var>${str_list}</var>
</assign>
<msg timestamp="20170823 14:39:44.086" level="INFO">${str_list} =  test_dir/more_than3_dir/test1.txt</msg>
<status starttime="20170823 14:39:44.085" status="PASS" endtime="20170823 14:39:44.086"></status>
</kw>
<status starttime="20170823 14:39:44.085" status="PASS" endtime="20170823 14:39:44.086"></status>
</kw>
<kw name="${file} = test2.txt" type="foritem">
<kw name="Catenate" library="BuiltIn">
<doc>Catenates the given items together and returns the resulted string.</doc>
<arguments>
<arg>${str_list}</arg>
<arg>${more_than3_dir}${file}</arg>
</arguments>
<assign>
<var>${str_list}</var>
</assign>
<msg timestamp="20170823 14:39:44.087" level="INFO">${str_list} =  test_dir/more_than3_dir/test1.txt test_dir/more_than3_dir/test2.txt</msg>
<status starttime="20170823 14:39:44.086" status="PASS" endtime="20170823 14:39:44.087"></status>
</kw>
<status starttime="20170823 14:39:44.086" status="PASS" endtime="20170823 14:39:44.087"></status>
</kw>
<kw name="${file} = test3.txt" type="foritem">
<kw name="Catenate" library="BuiltIn">
<doc>Catenates the given items together and returns the resulted string.</doc>
<arguments>
<arg>${str_list}</arg>
<arg>${more_than3_dir}${file}</arg>
</arguments>
<assign>
<var>${str_list}</var>
</assign>
<msg timestamp="20170823 14:39:44.089" level="INFO">${str_list} =  test_dir/more_than3_dir/test1.txt test_dir/more_than3_dir/test2.txt test_dir/more_than3_dir/test3.txt</msg>
<status starttime="20170823 14:39:44.088" status="PASS" endtime="20170823 14:39:44.089"></status>
</kw>
<status starttime="20170823 14:39:44.087" status="PASS" endtime="20170823 14:39:44.089"></status>
</kw>
<kw name="${file} = test4.txt" type="foritem">
<kw name="Catenate" library="BuiltIn">
<doc>Catenates the given items together and returns the resulted string.</doc>
<arguments>
<arg>${str_list}</arg>
<arg>${more_than3_dir}${file}</arg>
</arguments>
<assign>
<var>${str_list}</var>
</assign>
<msg timestamp="20170823 14:39:44.090" level="INFO">${str_list} =  test_dir/more_than3_dir/test1.txt test_dir/more_than3_dir/test2.txt test_dir/more_than3_dir/test3.txt test_dir/more_than3_dir/test4.txt</msg>
<status starttime="20170823 14:39:44.089" status="PASS" endtime="20170823 14:39:44.090"></status>
</kw>
<status starttime="20170823 14:39:44.089" status="PASS" endtime="20170823 14:39:44.090"></status>
</kw>
<status starttime="20170823 14:39:44.085" status="PASS" endtime="20170823 14:39:44.091"></status>
</kw>
<kw name="Rm Remove" library="rm_test">
<arguments>
<arg>-rI ${str_list}</arg>
<arg>stdin_str=no</arg>
</arguments>
<status starttime="20170823 14:39:44.091" status="PASS" endtime="20170823 14:39:44.120"></status>
</kw>
<kw name="${file} IN [ @{files} ]" type="for">
<kw name="${file} = test1.txt" type="foritem">
<kw name="Should Exist" library="OperatingSystem">
<doc>Fails unless the given path (file or directory) exists.</doc>
<arguments>
<arg>${more_than3_dir}${file}</arg>
</arguments>
<msg timestamp="20170823 14:39:44.123" html="yes" level="INFO">Path '&lt;a href="file:///mnt/c/Users/roman/RFtest/test_dir/more_than3_dir/test1.txt"&gt;/mnt/c/Users/roman/RFtest/test_dir/more_than3_dir/test1.txt&lt;/a&gt;' exists.</msg>
<status starttime="20170823 14:39:44.123" status="PASS" endtime="20170823 14:39:44.123"></status>
</kw>
<status starttime="20170823 14:39:44.122" status="PASS" endtime="20170823 14:39:44.123"></status>
</kw>
<kw name="${file} = test2.txt" type="foritem">
<kw name="Should Exist" library="OperatingSystem">
<doc>Fails unless the given path (file or directory) exists.</doc>
<arguments>
<arg>${more_than3_dir}${file}</arg>
</arguments>
<msg timestamp="20170823 14:39:44.124" html="yes" level="INFO">Path '&lt;a href="file:///mnt/c/Users/roman/RFtest/test_dir/more_than3_dir/test2.txt"&gt;/mnt/c/Users/roman/RFtest/test_dir/more_than3_dir/test2.txt&lt;/a&gt;' exists.</msg>
<status starttime="20170823 14:39:44.124" status="PASS" endtime="20170823 14:39:44.124"></status>
</kw>
<status starttime="20170823 14:39:44.124" status="PASS" endtime="20170823 14:39:44.124"></status>
</kw>
<kw name="${file} = test3.txt" type="foritem">
<kw name="Should Exist" library="OperatingSystem">
<doc>Fails unless the given path (file or directory) exists.</doc>
<arguments>
<arg>${more_than3_dir}${file}</arg>
</arguments>
<msg timestamp="20170823 14:39:44.125" html="yes" level="INFO">Path '&lt;a href="file:///mnt/c/Users/roman/RFtest/test_dir/more_than3_dir/test3.txt"&gt;/mnt/c/Users/roman/RFtest/test_dir/more_than3_dir/test3.txt&lt;/a&gt;' exists.</msg>
<status starttime="20170823 14:39:44.124" status="PASS" endtime="20170823 14:39:44.125"></status>
</kw>
<status starttime="20170823 14:39:44.124" status="PASS" endtime="20170823 14:39:44.125"></status>
</kw>
<kw name="${file} = test4.txt" type="foritem">
<kw name="Should Exist" library="OperatingSystem">
<doc>Fails unless the given path (file or directory) exists.</doc>
<arguments>
<arg>${more_than3_dir}${file}</arg>
</arguments>
<msg timestamp="20170823 14:39:44.125" html="yes" level="INFO">Path '&lt;a href="file:///mnt/c/Users/roman/RFtest/test_dir/more_than3_dir/test4.txt"&gt;/mnt/c/Users/roman/RFtest/test_dir/more_than3_dir/test4.txt&lt;/a&gt;' exists.</msg>
<status starttime="20170823 14:39:44.125" status="PASS" endtime="20170823 14:39:44.125"></status>
</kw>
<status starttime="20170823 14:39:44.125" status="PASS" endtime="20170823 14:39:44.126"></status>
</kw>
<status starttime="20170823 14:39:44.121" status="PASS" endtime="20170823 14:39:44.126"></status>
</kw>
<kw name="Rm Remove" library="rm_test">
<arguments>
<arg>-rI ${str_list}</arg>
<arg>stdin_str=yes</arg>
</arguments>
<status starttime="20170823 14:39:44.126" status="PASS" endtime="20170823 14:39:44.153"></status>
</kw>
<kw name="${file} IN [ @{files} ]" type="for">
<kw name="${file} = test1.txt" type="foritem">
<kw name="Should Not Exist" library="OperatingSystem">
<doc>Fails if the given path (file or directory) exists.</doc>
<arguments>
<arg>${more_than3_dir}${file}</arg>
</arguments>
<msg timestamp="20170823 14:39:44.156" html="yes" level="INFO">Path '&lt;a href="file:///mnt/c/Users/roman/RFtest/test_dir/more_than3_dir/test1.txt"&gt;/mnt/c/Users/roman/RFtest/test_dir/more_than3_dir/test1.txt&lt;/a&gt;' does not exist.</msg>
<status starttime="20170823 14:39:44.155" status="PASS" endtime="20170823 14:39:44.157"></status>
</kw>
<status starttime="20170823 14:39:44.155" status="PASS" endtime="20170823 14:39:44.157"></status>
</kw>
<kw name="${file} = test2.txt" type="foritem">
<kw name="Should Not Exist" library="OperatingSystem">
<doc>Fails if the given path (file or directory) exists.</doc>
<arguments>
<arg>${more_than3_dir}${file}</arg>
</arguments>
<msg timestamp="20170823 14:39:44.157" html="yes" level="INFO">Path '&lt;a href="file:///mnt/c/Users/roman/RFtest/test_dir/more_than3_dir/test2.txt"&gt;/mnt/c/Users/roman/RFtest/test_dir/more_than3_dir/test2.txt&lt;/a&gt;' does not exist.</msg>
<status starttime="20170823 14:39:44.157" status="PASS" endtime="20170823 14:39:44.157"></status>
</kw>
<status starttime="20170823 14:39:44.157" status="PASS" endtime="20170823 14:39:44.158"></status>
</kw>
<kw name="${file} = test3.txt" type="foritem">
<kw name="Should Not Exist" library="OperatingSystem">
<doc>Fails if the given path (file or directory) exists.</doc>
<arguments>
<arg>${more_than3_dir}${file}</arg>
</arguments>
<msg timestamp="20170823 14:39:44.158" html="yes" level="INFO">Path '&lt;a href="file:///mnt/c/Users/roman/RFtest/test_dir/more_than3_dir/test3.txt"&gt;/mnt/c/Users/roman/RFtest/test_dir/more_than3_dir/test3.txt&lt;/a&gt;' does not exist.</msg>
<status starttime="20170823 14:39:44.158" status="PASS" endtime="20170823 14:39:44.158"></status>
</kw>
<status starttime="20170823 14:39:44.158" status="PASS" endtime="20170823 14:39:44.158"></status>
</kw>
<kw name="${file} = test4.txt" type="foritem">
<kw name="Should Not Exist" library="OperatingSystem">
<doc>Fails if the given path (file or directory) exists.</doc>
<arguments>
<arg>${more_than3_dir}${file}</arg>
</arguments>
<msg timestamp="20170823 14:39:44.159" html="yes" level="INFO">Path '&lt;a href="file:///mnt/c/Users/roman/RFtest/test_dir/more_than3_dir/test4.txt"&gt;/mnt/c/Users/roman/RFtest/test_dir/more_than3_dir/test4.txt&lt;/a&gt;' does not exist.</msg>
<status starttime="20170823 14:39:44.159" status="PASS" endtime="20170823 14:39:44.159"></status>
</kw>
<status starttime="20170823 14:39:44.158" status="PASS" endtime="20170823 14:39:44.159"></status>
</kw>
<status starttime="20170823 14:39:44.154" status="PASS" endtime="20170823 14:39:44.159"></status>
</kw>
<status starttime="20170823 14:39:44.067" critical="yes" status="PASS" endtime="20170823 14:39:44.160"></status>
</test>
<test name="Remove more than three files with prompt before every removal" id="s1-t7">
<kw name="Create test directory">
<kw name="Remove Directory" library="OperatingSystem">
<doc>Removes the directory pointed to by the given ``path``.</doc>
<arguments>
<arg>${test_dir}</arg>
<arg>recursive=True</arg>
</arguments>
<msg timestamp="20170823 14:39:44.165" html="yes" level="INFO">Removed directory '&lt;a href="file:///mnt/c/Users/roman/RFtest/test_dir"&gt;/mnt/c/Users/roman/RFtest/test_dir&lt;/a&gt;'.</msg>
<status starttime="20170823 14:39:44.162" status="PASS" endtime="20170823 14:39:44.165"></status>
</kw>
<kw name="Create File" library="OperatingSystem">
<doc>Creates a file with the given content and encoding.</doc>
<arguments>
<arg>${existant_file}</arg>
</arguments>
<msg timestamp="20170823 14:39:44.167" html="yes" level="INFO">Created file '&lt;a href="file:///mnt/c/Users/roman/RFtest/test_dir/existant_file.txt"&gt;/mnt/c/Users/roman/RFtest/test_dir/existant_file.txt&lt;/a&gt;'.</msg>
<status starttime="20170823 14:39:44.165" status="PASS" endtime="20170823 14:39:44.167"></status>
</kw>
<kw name="Create Directory" library="OperatingSystem">
<doc>Creates the specified directory.</doc>
<arguments>
<arg>${empty_dir}</arg>
</arguments>
<msg timestamp="20170823 14:39:44.168" html="yes" level="INFO">Created directory '&lt;a href="file:///mnt/c/Users/roman/RFtest/test_dir/empty_dir"&gt;/mnt/c/Users/roman/RFtest/test_dir/empty_dir&lt;/a&gt;'.</msg>
<status starttime="20170823 14:39:44.167" status="PASS" endtime="20170823 14:39:44.169"></status>
</kw>
<kw name="${index} IN RANGE [ 1 | 5 ]" type="for">
<kw name="${index} = 1" type="foritem">
<kw name="Create File" library="OperatingSystem">
<doc>Creates a file with the given content and encoding.</doc>
<arguments>
<arg>${more_than3_dir}/test${index}.txt</arg>
</arguments>
<msg timestamp="20170823 14:39:44.171" html="yes" level="INFO">Created file '&lt;a href="file:///mnt/c/Users/roman/RFtest/test_dir/more_than3_dir/test1.txt"&gt;/mnt/c/Users/roman/RFtest/test_dir/more_than3_dir/test1.txt&lt;/a&gt;'.</msg>
<status starttime="20170823 14:39:44.169" status="PASS" endtime="20170823 14:39:44.171"></status>
</kw>
<status starttime="20170823 14:39:44.169" status="PASS" endtime="20170823 14:39:44.171"></status>
</kw>
<kw name="${index} = 2" type="foritem">
<kw name="Create File" library="OperatingSystem">
<doc>Creates a file with the given content and encoding.</doc>
<arguments>
<arg>${more_than3_dir}/test${index}.txt</arg>
</arguments>
<msg timestamp="20170823 14:39:44.174" html="yes" level="INFO">Created file '&lt;a href="file:///mnt/c/Users/roman/RFtest/test_dir/more_than3_dir/test2.txt"&gt;/mnt/c/Users/roman/RFtest/test_dir/more_than3_dir/test2.txt&lt;/a&gt;'.</msg>
<status starttime="20170823 14:39:44.172" status="PASS" endtime="20170823 14:39:44.174"></status>
</kw>
<status starttime="20170823 14:39:44.172" status="PASS" endtime="20170823 14:39:44.174"></status>
</kw>
<kw name="${index} = 3" type="foritem">
<kw name="Create File" library="OperatingSystem">
<doc>Creates a file with the given content and encoding.</doc>
<arguments>
<arg>${more_than3_dir}/test${index}.txt</arg>
</arguments>
<msg timestamp="20170823 14:39:44.176" html="yes" level="INFO">Created file '&lt;a href="file:///mnt/c/Users/roman/RFtest/test_dir/more_than3_dir/test3.txt"&gt;/mnt/c/Users/roman/RFtest/test_dir/more_than3_dir/test3.txt&lt;/a&gt;'.</msg>
<status starttime="20170823 14:39:44.175" status="PASS" endtime="20170823 14:39:44.176"></status>
</kw>
<status starttime="20170823 14:39:44.175" status="PASS" endtime="20170823 14:39:44.176"></status>
</kw>
<kw name="${index} = 4" type="foritem">
<kw name="Create File" library="OperatingSystem">
<doc>Creates a file with the given content and encoding.</doc>
<arguments>
<arg>${more_than3_dir}/test${index}.txt</arg>
</arguments>
<msg timestamp="20170823 14:39:44.178" html="yes" level="INFO">Created file '&lt;a href="file:///mnt/c/Users/roman/RFtest/test_dir/more_than3_dir/test4.txt"&gt;/mnt/c/Users/roman/RFtest/test_dir/more_than3_dir/test4.txt&lt;/a&gt;'.</msg>
<status starttime="20170823 14:39:44.177" status="PASS" endtime="20170823 14:39:44.178"></status>
</kw>
<status starttime="20170823 14:39:44.177" status="PASS" endtime="20170823 14:39:44.178"></status>
</kw>
<status starttime="20170823 14:39:44.169" status="PASS" endtime="20170823 14:39:44.178"></status>
</kw>
<status starttime="20170823 14:39:44.161" status="PASS" endtime="20170823 14:39:44.179"></status>
</kw>
<kw name="List Files In Directory" library="OperatingSystem">
<doc>Wrapper for `List Directory` that returns only files.</doc>
<arguments>
<arg>${more_than3_dir}</arg>
</arguments>
<assign>
<var>@{files}</var>
</assign>
<msg timestamp="20170823 14:39:44.180" html="yes" level="INFO">Listing contents of directory '&lt;a href="file:///mnt/c/Users/roman/RFtest/test_dir/more_than3_dir"&gt;/mnt/c/Users/roman/RFtest/test_dir/more_than3_dir&lt;/a&gt;'.</msg>
<msg timestamp="20170823 14:39:44.181" level="INFO">4 files:
test1.txt
test2.txt
test3.txt
test4.txt</msg>
<msg timestamp="20170823 14:39:44.181" level="INFO">@{files} = [ test1.txt | test2.txt | test3.txt | test4.txt ]</msg>
<status starttime="20170823 14:39:44.179" status="PASS" endtime="20170823 14:39:44.181"></status>
</kw>
<kw name="${file} IN [ @{files} ]" type="for">
<kw name="${file} = test1.txt" type="foritem">
<kw name="Catenate" library="BuiltIn">
<doc>Catenates the given items together and returns the resulted string.</doc>
<arguments>
<arg>${str_list}</arg>
<arg>${more_than3_dir}${file}</arg>
</arguments>
<assign>
<var>${str_list}</var>
</assign>
<msg timestamp="20170823 14:39:44.183" level="INFO">${str_list} =  test_dir/more_than3_dir/test1.txt</msg>
<status starttime="20170823 14:39:44.182" status="PASS" endtime="20170823 14:39:44.183"></status>
</kw>
<kw name="Catenate" library="BuiltIn">
<doc>Catenates the given items together and returns the resulted string.</doc>
<arguments>
<arg>SEPARATOR=</arg>
<arg>${stdin_str_all_no}</arg>
<arg>0</arg>
</arguments>
<assign>
<var>${stdin_str_all_no}</var>
</assign>
<msg timestamp="20170823 14:39:44.183" level="INFO">${stdin_str_all_no} = 0</msg>
<status starttime="20170823 14:39:44.183" status="PASS" endtime="20170823 14:39:44.183"></status>
</kw>
<kw name="Catenate" library="BuiltIn">
<doc>Catenates the given items together and returns the resulted string.</doc>
<arguments>
<arg>SEPARATOR=</arg>
<arg>${stdin_str_all_yes}</arg>
<arg>1</arg>
</arguments>
<assign>
<var>${stdin_str_all_yes}</var>
</assign>
<msg timestamp="20170823 14:39:44.183" level="INFO">${stdin_str_all_yes} = 1</msg>
<status starttime="20170823 14:39:44.183" status="PASS" endtime="20170823 14:39:44.184"></status>
</kw>
<status starttime="20170823 14:39:44.182" status="PASS" endtime="20170823 14:39:44.184"></status>
</kw>
<kw name="${file} = test2.txt" type="foritem">
<kw name="Catenate" library="BuiltIn">
<doc>Catenates the given items together and returns the resulted string.</doc>
<arguments>
<arg>${str_list}</arg>
<arg>${more_than3_dir}${file}</arg>
</arguments>
<assign>
<var>${str_list}</var>
</assign>
<msg timestamp="20170823 14:39:44.184" level="INFO">${str_list} =  test_dir/more_than3_dir/test1.txt test_dir/more_than3_dir/test2.txt</msg>
<status starttime="20170823 14:39:44.184" status="PASS" endtime="20170823 14:39:44.184"></status>
</kw>
<kw name="Catenate" library="BuiltIn">
<doc>Catenates the given items together and returns the resulted string.</doc>
<arguments>
<arg>SEPARATOR=</arg>
<arg>${stdin_str_all_no}</arg>
<arg>0</arg>
</arguments>
<assign>
<var>${stdin_str_all_no}</var>
</assign>
<msg timestamp="20170823 14:39:44.185" level="INFO">${stdin_str_all_no} = 00</msg>
<status starttime="20170823 14:39:44.184" status="PASS" endtime="20170823 14:39:44.185"></status>
</kw>
<kw name="Catenate" library="BuiltIn">
<doc>Catenates the given items together and returns the resulted string.</doc>
<arguments>
<arg>SEPARATOR=</arg>
<arg>${stdin_str_all_yes}</arg>
<arg>1</arg>
</arguments>
<assign>
<var>${stdin_str_all_yes}</var>
</assign>
<msg timestamp="20170823 14:39:44.185" level="INFO">${stdin_str_all_yes} = 11</msg>
<status starttime="20170823 14:39:44.185" status="PASS" endtime="20170823 14:39:44.185"></status>
</kw>
<status starttime="20170823 14:39:44.184" status="PASS" endtime="20170823 14:39:44.185"></status>
</kw>
<kw name="${file} = test3.txt" type="foritem">
<kw name="Catenate" library="BuiltIn">
<doc>Catenates the given items together and returns the resulted string.</doc>
<arguments>
<arg>${str_list}</arg>
<arg>${more_than3_dir}${file}</arg>
</arguments>
<assign>
<var>${str_list}</var>
</assign>
<msg timestamp="20170823 14:39:44.186" level="INFO">${str_list} =  test_dir/more_than3_dir/test1.txt test_dir/more_than3_dir/test2.txt test_dir/more_than3_dir/test3.txt</msg>
<status starttime="20170823 14:39:44.185" status="PASS" endtime="20170823 14:39:44.186"></status>
</kw>
<kw name="Catenate" library="BuiltIn">
<doc>Catenates the given items together and returns the resulted string.</doc>
<arguments>
<arg>SEPARATOR=</arg>
<arg>${stdin_str_all_no}</arg>
<arg>0</arg>
</arguments>
<assign>
<var>${stdin_str_all_no}</var>
</assign>
<msg timestamp="20170823 14:39:44.186" level="INFO">${stdin_str_all_no} = 000</msg>
<status starttime="20170823 14:39:44.186" status="PASS" endtime="20170823 14:39:44.186"></status>
</kw>
<kw name="Catenate" library="BuiltIn">
<doc>Catenates the given items together and returns the resulted string.</doc>
<arguments>
<arg>SEPARATOR=</arg>
<arg>${stdin_str_all_yes}</arg>
<arg>1</arg>
</arguments>
<assign>
<var>${stdin_str_all_yes}</var>
</assign>
<msg timestamp="20170823 14:39:44.187" level="INFO">${stdin_str_all_yes} = 111</msg>
<status starttime="20170823 14:39:44.187" status="PASS" endtime="20170823 14:39:44.187"></status>
</kw>
<status starttime="20170823 14:39:44.185" status="PASS" endtime="20170823 14:39:44.187"></status>
</kw>
<kw name="${file} = test4.txt" type="foritem">
<kw name="Catenate" library="BuiltIn">
<doc>Catenates the given items together and returns the resulted string.</doc>
<arguments>
<arg>${str_list}</arg>
<arg>${more_than3_dir}${file}</arg>
</arguments>
<assign>
<var>${str_list}</var>
</assign>
<msg timestamp="20170823 14:39:44.189" level="INFO">${str_list} =  test_dir/more_than3_dir/test1.txt test_dir/more_than3_dir/test2.txt test_dir/more_than3_dir/test3.txt test_dir/more_than3_dir/test4.txt</msg>
<status starttime="20170823 14:39:44.188" status="PASS" endtime="20170823 14:39:44.189"></status>
</kw>
<kw name="Catenate" library="BuiltIn">
<doc>Catenates the given items together and returns the resulted string.</doc>
<arguments>
<arg>SEPARATOR=</arg>
<arg>${stdin_str_all_no}</arg>
<arg>0</arg>
</arguments>
<assign>
<var>${stdin_str_all_no}</var>
</assign>
<msg timestamp="20170823 14:39:44.190" level="INFO">${stdin_str_all_no} = 0000</msg>
<status starttime="20170823 14:39:44.189" status="PASS" endtime="20170823 14:39:44.190"></status>
</kw>
<kw name="Catenate" library="BuiltIn">
<doc>Catenates the given items together and returns the resulted string.</doc>
<arguments>
<arg>SEPARATOR=</arg>
<arg>${stdin_str_all_yes}</arg>
<arg>1</arg>
</arguments>
<assign>
<var>${stdin_str_all_yes}</var>
</assign>
<msg timestamp="20170823 14:39:44.190" level="INFO">${stdin_str_all_yes} = 1111</msg>
<status starttime="20170823 14:39:44.190" status="PASS" endtime="20170823 14:39:44.190"></status>
</kw>
<status starttime="20170823 14:39:44.187" status="PASS" endtime="20170823 14:39:44.190"></status>
</kw>
<status starttime="20170823 14:39:44.182" status="PASS" endtime="20170823 14:39:44.190"></status>
</kw>
<kw name="Rm Remove" library="rm_test">
<arguments>
<arg>-i ${str_list}</arg>
<arg>stdin_str=${stdin_str_all_no}</arg>
</arguments>
<status starttime="20170823 14:39:44.190" status="PASS" endtime="20170823 14:39:44.220"></status>
</kw>
<kw name="${file} IN [ @{files} ]" type="for">
<kw name="${file} = test1.txt" type="foritem">
<kw name="Should Exist" library="OperatingSystem">
<doc>Fails unless the given path (file or directory) exists.</doc>
<arguments>
<arg>${more_than3_dir}${file}</arg>
</arguments>
<msg timestamp="20170823 14:39:44.223" html="yes" level="INFO">Path '&lt;a href="file:///mnt/c/Users/roman/RFtest/test_dir/more_than3_dir/test1.txt"&gt;/mnt/c/Users/roman/RFtest/test_dir/more_than3_dir/test1.txt&lt;/a&gt;' exists.</msg>
<status starttime="20170823 14:39:44.222" status="PASS" endtime="20170823 14:39:44.223"></status>
</kw>
<status starttime="20170823 14:39:44.222" status="PASS" endtime="20170823 14:39:44.223"></status>
</kw>
<kw name="${file} = test2.txt" type="foritem">
<kw name="Should Exist" library="OperatingSystem">
<doc>Fails unless the given path (file or directory) exists.</doc>
<arguments>
<arg>${more_than3_dir}${file}</arg>
</arguments>
<msg timestamp="20170823 14:39:44.224" html="yes" level="INFO">Path '&lt;a href="file:///mnt/c/Users/roman/RFtest/test_dir/more_than3_dir/test2.txt"&gt;/mnt/c/Users/roman/RFtest/test_dir/more_than3_dir/test2.txt&lt;/a&gt;' exists.</msg>
<status starttime="20170823 14:39:44.223" status="PASS" endtime="20170823 14:39:44.224"></status>
</kw>
<status starttime="20170823 14:39:44.223" status="PASS" endtime="20170823 14:39:44.224"></status>
</kw>
<kw name="${file} = test3.txt" type="foritem">
<kw name="Should Exist" library="OperatingSystem">
<doc>Fails unless the given path (file or directory) exists.</doc>
<arguments>
<arg>${more_than3_dir}${file}</arg>
</arguments>
<msg timestamp="20170823 14:39:44.225" html="yes" level="INFO">Path '&lt;a href="file:///mnt/c/Users/roman/RFtest/test_dir/more_than3_dir/test3.txt"&gt;/mnt/c/Users/roman/RFtest/test_dir/more_than3_dir/test3.txt&lt;/a&gt;' exists.</msg>
<status starttime="20170823 14:39:44.224" status="PASS" endtime="20170823 14:39:44.225"></status>
</kw>
<status starttime="20170823 14:39:44.224" status="PASS" endtime="20170823 14:39:44.225"></status>
</kw>
<kw name="${file} = test4.txt" type="foritem">
<kw name="Should Exist" library="OperatingSystem">
<doc>Fails unless the given path (file or directory) exists.</doc>
<arguments>
<arg>${more_than3_dir}${file}</arg>
</arguments>
<msg timestamp="20170823 14:39:44.225" html="yes" level="INFO">Path '&lt;a href="file:///mnt/c/Users/roman/RFtest/test_dir/more_than3_dir/test4.txt"&gt;/mnt/c/Users/roman/RFtest/test_dir/more_than3_dir/test4.txt&lt;/a&gt;' exists.</msg>
<status starttime="20170823 14:39:44.225" status="PASS" endtime="20170823 14:39:44.225"></status>
</kw>
<status starttime="20170823 14:39:44.225" status="PASS" endtime="20170823 14:39:44.225"></status>
</kw>
<status starttime="20170823 14:39:44.221" status="PASS" endtime="20170823 14:39:44.225"></status>
</kw>
<kw name="Rm Remove" library="rm_test">
<arguments>
<arg>-i ${str_list}</arg>
<arg>stdin_str=${stdin_str_all_yes}</arg>
</arguments>
<status starttime="20170823 14:39:44.226" status="PASS" endtime="20170823 14:39:44.255"></status>
</kw>
<kw name="${file} IN [ @{files} ]" type="for">
<kw name="${file} = test1.txt" type="foritem">
<kw name="Should Not Exist" library="OperatingSystem">
<doc>Fails if the given path (file or directory) exists.</doc>
<arguments>
<arg>${more_than3_dir}${file}</arg>
</arguments>
<msg timestamp="20170823 14:39:44.258" html="yes" level="INFO">Path '&lt;a href="file:///mnt/c/Users/roman/RFtest/test_dir/more_than3_dir/test1.txt"&gt;/mnt/c/Users/roman/RFtest/test_dir/more_than3_dir/test1.txt&lt;/a&gt;' does not exist.</msg>
<status starttime="20170823 14:39:44.257" status="PASS" endtime="20170823 14:39:44.258"></status>
</kw>
<status starttime="20170823 14:39:44.257" status="PASS" endtime="20170823 14:39:44.258"></status>
</kw>
<kw name="${file} = test2.txt" type="foritem">
<kw name="Should Not Exist" library="OperatingSystem">
<doc>Fails if the given path (file or directory) exists.</doc>
<arguments>
<arg>${more_than3_dir}${file}</arg>
</arguments>
<msg timestamp="20170823 14:39:44.259" html="yes" level="INFO">Path '&lt;a href="file:///mnt/c/Users/roman/RFtest/test_dir/more_than3_dir/test2.txt"&gt;/mnt/c/Users/roman/RFtest/test_dir/more_than3_dir/test2.txt&lt;/a&gt;' does not exist.</msg>
<status starttime="20170823 14:39:44.258" status="PASS" endtime="20170823 14:39:44.259"></status>
</kw>
<status starttime="20170823 14:39:44.258" status="PASS" endtime="20170823 14:39:44.259"></status>
</kw>
<kw name="${file} = test3.txt" type="foritem">
<kw name="Should Not Exist" library="OperatingSystem">
<doc>Fails if the given path (file or directory) exists.</doc>
<arguments>
<arg>${more_than3_dir}${file}</arg>
</arguments>
<msg timestamp="20170823 14:39:44.259" html="yes" level="INFO">Path '&lt;a href="file:///mnt/c/Users/roman/RFtest/test_dir/more_than3_dir/test3.txt"&gt;/mnt/c/Users/roman/RFtest/test_dir/more_than3_dir/test3.txt&lt;/a&gt;' does not exist.</msg>
<status starttime="20170823 14:39:44.259" status="PASS" endtime="20170823 14:39:44.260"></status>
</kw>
<status starttime="20170823 14:39:44.259" status="PASS" endtime="20170823 14:39:44.260"></status>
</kw>
<kw name="${file} = test4.txt" type="foritem">
<kw name="Should Not Exist" library="OperatingSystem">
<doc>Fails if the given path (file or directory) exists.</doc>
<arguments>
<arg>${more_than3_dir}${file}</arg>
</arguments>
<msg timestamp="20170823 14:39:44.260" html="yes" level="INFO">Path '&lt;a href="file:///mnt/c/Users/roman/RFtest/test_dir/more_than3_dir/test4.txt"&gt;/mnt/c/Users/roman/RFtest/test_dir/more_than3_dir/test4.txt&lt;/a&gt;' does not exist.</msg>
<status starttime="20170823 14:39:44.260" status="PASS" endtime="20170823 14:39:44.260"></status>
</kw>
<status starttime="20170823 14:39:44.260" status="PASS" endtime="20170823 14:39:44.261"></status>
</kw>
<status starttime="20170823 14:39:44.256" status="PASS" endtime="20170823 14:39:44.261"></status>
</kw>
<status starttime="20170823 14:39:44.160" critical="yes" status="PASS" endtime="20170823 14:39:44.261"></status>
</test>
<status starttime="20170823 14:39:43.700" status="PASS" endtime="20170823 14:39:44.263"></status>
</suite>
<statistics>
<total>
<stat pass="7" fail="0">Critical Tests</stat>
<stat pass="7" fail="0">All Tests</stat>
</total>
<tag>
</tag>
<suite>
<stat name="Rm Test" pass="7" id="s1" fail="0">Rm Test</stat>
</suite>
</statistics>
<errors>
</errors>
</robot>
